This is pdfTeX, Version 3.141592653-2.6-1.40.29 (MiKTeX 26.2) (preloaded format=pdflatex 2026.4.19)  20 APR 2026 11:28
entering extended mode
 restricted \write18 enabled.
 file:line:error style messages enabled.
 %&-line parsing enabled.
**c:/Users/oriol/OneDrive/Escritorio/Master/codigo_final_miriam/dSCP/documentation/main.tex
(c:/Users/oriol/OneDrive/Escritorio/Master/codigo_final_miriam/dSCP/documentation/main.tex
LaTeX2e <2025-11-01>
L3 programming layer <2026-03-20>
(C:\Program Files\MiKTeX\tex/latex/base\article.cls
Document Class: article 2025/01/22 v1.4n Standard LaTeX document class
(C:\Program Files\MiKTeX\tex/latex/base\size10.clo
File: size10.clo 2025/01/22 v1.4n Standard LaTeX file (size option)
)
\c@part=\count275
\c@section=\count276
\c@subsection=\count277
\c@subsubsection=\count278
\c@paragraph=\count279
\c@subparagraph=\count280
\c@figure=\count281
\c@table=\count282
\abovecaptionskip=\skip49
\belowcaptionskip=\skip50
\bibindent=\dimen150
) (NOTOCAR/packages.tex (C:\Program Files\MiKTeX\tex/latex/base\ifthen.sty
Package: ifthen 2024/03/16 v1.1e Standard LaTeX ifthen package (DPC)
) (C:\Program Files\MiKTeX\tex/latex/geometry\geometry.sty
Package: geometry 2026/03/07 v6.0 Page Geometry
 (C:\Program Files\MiKTeX\tex/latex/graphics\keyval.sty
Package: keyval 2022/05/29 v1.15 key=value parser (DPC)
\KV@toks@=\toks17
) (C:\Program Files\MiKTeX\tex/generic/iftex\ifvtex.sty
Package: ifvtex 2019/10/25 v1.7 ifvtex legacy package. Use iftex instead.
 (C:\Program Files\MiKTeX\tex/generic/iftex\iftex.sty
Package: iftex 2024/12/12 v1.0g TeX engine tests
))
\Gm@cnth=\count283
\Gm@cntv=\count284
\c@Gm@tempcnt=\count285
\Gm@bindingoffset=\dimen151
\Gm@wd@mp=\dimen152
\Gm@odd@mp=\dimen153
\Gm@even@mp=\dimen154
\Gm@layoutwidth=\dimen155
\Gm@layoutheight=\dimen156
\Gm@layouthoffset=\dimen157
\Gm@layoutvoffset=\dimen158
\Gm@dimlist=\toks18
 (C:\Program Files\MiKTeX\tex/latex/geometry\geometry.cfg)) (C:\Program Files\MiKTeX\tex/latex/tools\tabularx.sty
Package: tabularx 2023/12/11 v2.12a `tabularx' package (DPC)
 (C:\Program Files\MiKTeX\tex/latex/tools\array.sty
Package: array 2025/09/25 v2.6n Tabular extension package (FMi)
\col@sep=\dimen159
\ar@mcellbox=\box53
\extrarowheight=\dimen160
\NC@list=\toks19
\extratabsurround=\skip51
\backup@length=\skip52
\ar@cellbox=\box54
)
\TX@col@width=\dimen161
\TX@old@table=\dimen162
\TX@old@col=\dimen163
\TX@target=\dimen164
\TX@delta=\dimen165
\TX@cols=\count286
\TX@ftn=\toks20
) (C:\Program Files\MiKTeX\tex/latex/graphics\graphicx.sty
Package: graphicx 2024/12/31 v1.2e Enhanced LaTeX Graphics (DPC,SPQR)
 (C:\Program Files\MiKTeX\tex/latex/graphics\graphics.sty
Package: graphics 2024/08/06 v1.4g Standard LaTeX Graphics (DPC,SPQR)
 (C:\Program Files\MiKTeX\tex/latex/graphics\trig.sty
Package: trig 2023/12/02 v1.11 sin cos tan (DPC)
) (C:\Program Files\MiKTeX\tex/latex/graphics-cfg\graphics.cfg
File: graphics.cfg 2016/06/04 v1.11 sample graphics configuration
)
Package graphics Info: Driver file: pdftex.def on input line 106.
 (C:\Program Files\MiKTeX\tex/latex/graphics-def\pdftex.def
File: pdftex.def 2025/09/29 v1.2d Graphics/color driver for pdftex
))
\Gin@req@height=\dimen166
\Gin@req@width=\dimen167
) (C:\Program Files\MiKTeX\tex/latex/enumitem\enumitem.sty
Package: enumitem 2025/02/06 v3.11 Customized lists
\labelindent=\skip53
\enit@outerparindent=\dimen168
\enit@toks=\toks21
\enit@inbox=\box55
\enit@count@id=\count287
\enitdp@description=\count288
) (C:\Program Files\MiKTeX\tex/latex/hyperref\hyperref.sty
Package: hyperref 2026-01-29 v7.01p Hypertext links for LaTeX
 (C:\Program Files\MiKTeX\tex/latex/kvsetkeys\kvsetkeys.sty
Package: kvsetkeys 2022-10-05 v1.19 Key value parser (HO)
) (C:\Program Files\MiKTeX\tex/generic/kvdefinekeys\kvdefinekeys.sty
Package: kvdefinekeys 2019-12-19 v1.6 Define keys (HO)
) (C:\Program Files\MiKTeX\tex/generic/pdfescape\pdfescape.sty
Package: pdfescape 2019/12/09 v1.15 Implements pdfTeX's escape features (HO)
 (C:\Program Files\MiKTeX\tex/generic/ltxcmds\ltxcmds.sty
Package: ltxcmds 2023-12-04 v1.26 LaTeX kernel commands for general use (HO)
) (C:\Program Files\MiKTeX\tex/generic/pdftexcmds\pdftexcmds.sty
Package: pdftexcmds 2020-06-27 v0.33 Utility functions of pdfTeX for LuaTeX (HO)
 (C:\Program Files\MiKTeX\tex/generic/infwarerr\infwarerr.sty
Package: infwarerr 2019/12/03 v1.5 Providing info/warning/error messages (HO)
)
Package pdftexcmds Info: \pdf@primitive is available.
Package pdftexcmds Info: \pdf@ifprimitive is available.
Package pdftexcmds Info: \pdfdraftmode found.
)) (C:\Program Files\MiKTeX\tex/latex/hycolor\hycolor.sty
Package: hycolor 2020-01-27 v1.10 Color options for hyperref/bookmark (HO)
) (C:\Program Files\MiKTeX\tex/latex/hyperref\nameref.sty
Package: nameref 2026-01-29 v2.58 Cross-referencing by name of section
 (C:\Program Files\MiKTeX\tex/latex/refcount\refcount.sty
Package: refcount 2019/12/15 v3.6 Data extraction from label references (HO)
) (C:\Program Files\MiKTeX\tex/generic/gettitlestring\gettitlestring.sty
Package: gettitlestring 2019/12/15 v1.6 Cleanup title references (HO)
 (C:\Program Files\MiKTeX\tex/latex/kvoptions\kvoptions.sty
Package: kvoptions 2022-06-15 v3.15 Key value format for package options (HO)
))
\c@section@level=\count289
) (C:\Program Files\MiKTeX\tex/latex/etoolbox\etoolbox.sty
Package: etoolbox 2025/10/02 v2.5m e-TeX tools for LaTeX (JAW)
\etb@tempcnta=\count290
) (C:\Program Files\MiKTeX\tex/generic/stringenc\stringenc.sty
Package: stringenc 2019/11/29 v1.12 Convert strings between diff. encodings (HO)
)
\@linkdim=\dimen169
\Hy@linkcounter=\count291
\Hy@pagecounter=\count292
 (C:\Program Files\MiKTeX\tex/latex/hyperref\pd1enc.def
File: pd1enc.def 2026-01-29 v7.01p Hyperref: PDFDocEncoding definition (HO)
Now handling font encoding PD1 ...
... no UTF-8 mapping file for font encoding PD1
) (C:\Program Files\MiKTeX\tex/generic/intcalc\intcalc.sty
Package: intcalc 2019/12/15 v1.3 Expandable calculations with integers (HO)
)
\Hy@SavedSpaceFactor=\count293
 (C:\Program Files\MiKTeX\tex/latex/hyperref\puenc.def
File: puenc.def 2026-01-29 v7.01p Hyperref: PDF Unicode definition (HO)
Now handling font encoding PU ...
... no UTF-8 mapping file for font encoding PU
)
Package hyperref Info: Hyper figures OFF on input line 4201.
Package hyperref Info: Link nesting OFF on input line 4206.
Package hyperref Info: Hyper index ON on input line 4209.
Package hyperref Info: Plain pages OFF on input line 4216.
Package hyperref Info: Backreferencing OFF on input line 4221.
Package hyperref Info: Implicit mode ON; LaTeX internals redefined.
Package hyperref Info: Bookmarks ON on input line 4468.
\c@Hy@tempcnt=\count294
 (C:\Program Files\MiKTeX\tex/latex/url\url.sty
\Urlmuskip=\muskip17
Package: url 2013/09/16  ver 3.4  Verb mode for urls, etc.
)
LaTeX Info: Redefining \url on input line 4807.
\XeTeXLinkMargin=\dimen170
 (C:\Program Files\MiKTeX\tex/generic/bitset\bitset.sty
Package: bitset 2019/12/09 v1.3 Handle bit-vector datatype (HO)
 (C:\Program Files\MiKTeX\tex/generic/bigintcalc\bigintcalc.sty
Package: bigintcalc 2019/12/15 v1.5 Expandable calculations on big integers (HO)
))
\Fld@menulength=\count295
\Field@Width=\dimen171
\Fld@charsize=\dimen172
Package hyperref Info: Hyper figures OFF on input line 6084.
Package hyperref Info: Link nesting OFF on input line 6089.
Package hyperref Info: Hyper index ON on input line 6092.
Package hyperref Info: backreferencing OFF on input line 6099.
Package hyperref Info: Link coloring OFF on input line 6104.
Package hyperref Info: Link coloring with OCG OFF on input line 6109.
Package hyperref Info: PDF/A mode OFF on input line 6114.
\Hy@abspage=\count296
\c@Item=\count297
\c@Hfootnote=\count298
)
Package hyperref Info: Driver (autodetected): hpdftex.
 (C:\Program Files\MiKTeX\tex/latex/hyperref\hpdftex.def
File: hpdftex.def 2026-01-29 v7.01p Hyperref driver for pdfTeX
\Fld@listcount=\count299
\c@bookmark@seq@number=\count300
 (C:\Program Files\MiKTeX\tex/latex/rerunfilecheck\rerunfilecheck.sty
Package: rerunfilecheck 2025-06-21 v1.11 Rerun checks for auxiliary files (HO)
 (C:\Program Files\MiKTeX\tex/generic/uniquecounter\uniquecounter.sty
Package: uniquecounter 2019/12/15 v1.4 Provide unlimited unique counter (HO)
)
Package uniquecounter Info: New unique counter `rerunfilecheck' on input line 284.
)
\Hy@SectionHShift=\skip54
) (C:\Program Files\MiKTeX\tex/latex/titlesec\titlesec.sty
Package: titlesec 2025/01/04 v2.17 Sectioning titles
\ttl@box=\box56
\beforetitleunit=\skip55
\aftertitleunit=\skip56
\ttl@plus=\dimen173
\ttl@minus=\dimen174
\ttl@toksa=\toks22
\titlewidth=\dimen175
\titlewidthlast=\dimen176
\titlewidthfirst=\dimen177
) (C:\Program Files\MiKTeX\tex/latex/tools\indentfirst.sty
Package: indentfirst 2023/07/02 v1.03 Indent first paragraph (DPC)
) (C:\Program Files\MiKTeX\tex/latex/float\float.sty
Package: float 2001/11/08 v1.3d Float enhancements (AL)
\c@float@type=\count301
\float@exts=\toks23
\float@box=\box57
\@float@everytoks=\toks24
\@floatcapt=\box58
)) (NOTOCAR/format.tex) (NOTOCAR/comands.tex) (C:\Program Files\MiKTeX\tex/latex/l3backend\l3backend-pdftex.def
File: l3backend-pdftex.def 2026-02-18 L3 backend support: PDF output (pdfTeX)
\l__color_backend_stack_int=\count302
) (main.aux (portada.aux) (NOTOCAR/index.aux) (NOTOCAR/contents.aux))
\openout1 = `main.aux'.

LaTeX Font Info:    Checking defaults for OML/cmm/m/it on input line 7.
LaTeX Font Info:    ... okay on input line 7.
LaTeX Font Info:    Checking defaults for OMS/cmsy/m/n on input line 7.
LaTeX Font Info:    ... okay on input line 7.
LaTeX Font Info:    Checking defaults for OT1/cmr/m/n on input line 7.
LaTeX Font Info:    ... okay on input line 7.
LaTeX Font Info:    Checking defaults for T1/cmr/m/n on input line 7.
LaTeX Font Info:    ... okay on input line 7.
LaTeX Font Info:    Checking defaults for TS1/cmr/m/n on input line 7.
LaTeX Font Info:    ... okay on input line 7.
LaTeX Font Info:    Checking defaults for OMX/cmex/m/n on input line 7.
LaTeX Font Info:    ... okay on input line 7.
LaTeX Font Info:    Checking defaults for U/cmr/m/n on input line 7.
LaTeX Font Info:    ... okay on input line 7.
LaTeX Font Info:    Checking defaults for PD1/pdf/m/n on input line 7.
LaTeX Font Info:    ... okay on input line 7.
LaTeX Font Info:    Checking defaults for PU/pdf/m/n on input line 7.
LaTeX Font Info:    ... okay on input line 7.

*geometry* driver: auto-detecting
*geometry* detected driver: pdftex
*geometry* verbose mode - [ preamble ] result:
* driver: pdftex
* paper: a4paper
* layout: <same size as paper>
* layoutoffset:(h,v)=(0.0pt,0.0pt)
* modes: 
* h-part:(L,W,R)=(71.13188pt, 455.24411pt, 71.13188pt)
* v-part:(T,H,B)=(85.35826pt, 674.33032pt, 85.35826pt)
* \paperwidth=597.50787pt
* \paperheight=845.04684pt
* \textwidth=455.24411pt
* \textheight=674.33032pt
* \oddsidemargin=-1.1381pt
* \evensidemargin=-1.1381pt
* \topmargin=-23.91173pt
* \headheight=12.0pt
* \headsep=25.0pt
* \topskip=10.0pt
* \footskip=30.0pt
* \marginparwidth=4.0pt
* \marginparsep=10.0pt
* \columnsep=10.0pt
* \skip\footins=9.0pt plus 4.0pt minus 2.0pt
* \hoffset=0.0pt
* \voffset=0.0pt
* \mag=1000
* \@twocolumntrue
* \@twosidefalse
* \@mparswitchfalse
* \@reversemarginfalse
* (1in=72.27pt=25.4mm, 1cm=28.453pt)

(C:\Program Files\MiKTeX\tex/context/base/mkii\supp-pdf.mkii
[Loading MPS to PDF converter (version 2006.09.02).]
\scratchcounter=\count303
\scratchdimen=\dimen178
\scratchbox=\box59
\nofMPsegments=\count304
\nofMParguments=\count305
\everyMPshowfont=\toks25
\MPscratchCnt=\count306
\MPscratchDim=\dimen179
\MPnumerator=\count307
\makeMPintoPDFobject=\count308
\everyMPtoPDFconversion=\toks26
) (C:\Program Files\MiKTeX\tex/latex/epstopdf-pkg\epstopdf-base.sty
Package: epstopdf-base 2020-01-24 v2.11 Base part for package epstopdf
Package epstopdf-base Info: Redefining graphics rule for `.eps' on input line 485.
 (C:\Program Files\MiKTeX\tex/latex/00miktex\epstopdf-sys.cfg
File: epstopdf-sys.cfg 2021/03/18 v2.0 Configuration of epstopdf for MiKTeX
))
Package hyperref Info: Link coloring OFF on input line 7.
 (main.out) (main.out)
\@outlinefile=\write3
\openout3 = `main.out'.

\openout2 = `portada.aux'.

 (portada.tex
runsystem(texcount -1 -sum -merge content/*.tex > palabras.sum)...disabled (restricted).

 (palabras.sum) [1



{C:/Users/oriol/AppData/Local/MiKTeX/fonts/map/pdftex/pdftex.map}])
\openout2 = `NOTOCAR/index.aux'.

 (NOTOCAR/index.tex (main.toc
LaTeX Font Info:    External font `cmex10' loaded for size
(Font)              <7> on input line 4.
LaTeX Font Info:    External font `cmex10' loaded for size
(Font)              <5> on input line 4.

Underfull \hbox (badness 4120) in paragraph at lines 5--5
 [][] [][]\OT1/cmr/m/n/10 Avances Tec-nol^^Sogicos en el Re- 
 []


Underfull \hbox (badness 2582) in paragraph at lines 7--7
 [][] [][]\OT1/cmr/m/n/10 Frameworks de Apren-dizaje Pro- 
 []


Underfull \hbox (badness 10000) in paragraph at lines 19--19
 [] [][]\OT1/cmr/bx/n/10 Experimentaci^^Son / Re-sul-ta-dos 
 []


Underfull \hbox (badness 10000) in paragraph at lines 21--21
 [][] [][]\OT1/cmr/m/n/10 Metodolog^^S^^Pa de En-tre- 
 []


Underfull \hbox (badness 10000) in paragraph at lines 24--24
 [][] [][]\OT1/cmr/m/n/10 Rendimiento Es-tad^^S^^Pstico 
 []


Underfull \hbox (badness 6691) in paragraph at lines 25--25
 [][] [][]\OT1/cmr/m/n/10 An^^Salisis de Ex-pli-ca-bil-i-dad 
 []

)
\tf@toc=\write4
\openout4 = `main.toc'.

)
pdfTeX warning (ext4): destination with the same identifier (name{page.1}) has been already used, duplicate ignored
<to be read again> 
                   \relax 
l.10 \include{NOTOCAR/index}
                             [1




]
\openout2 = `NOTOCAR/contents.aux'.

 (NOTOCAR/contents.tex
\c@i=\count309
 (content/1.tex
Underfull \hbox (badness 2302) in paragraph at lines 6--7
[]\OT1/cmr/bx/n/10 Palabras clave: \OT1/cmr/m/n/10 Biometr^^S^^Pa Forense, Deep
 []


Underfull \hbox (badness 1325) in paragraph at lines 10--11
\OT1/cmr/m/n/10 sis-tido desde las teor^^S^^Pas del atavismo de \OT1/cmr/bx/n/10 Ce-
 []


Underfull \hbox (badness 1400) in paragraph at lines 12--13
\OT1/cmr/m/n/10 la in-ter-secci^^Son en-tre la biometr^^S^^Pa pre-dic-tiva y
 []

) (content/2.tex [2



]) (content/3.tex
Underfull \vbox (badness 3769) has occurred while \output is active []

 [3]
Underfull \hbox (badness 2486) in paragraph at lines 19--20
[]\OT1/cmr/bx/n/10 Limpieza y Purga: \OT1/cmr/m/n/10 Se han elim-i-nado
 []


Underfull \hbox (badness 4543) in paragraph at lines 21--22
[]\OT1/cmr/bx/n/10 Balanceo Es-trat-i-fi-cado (4-Way Sam-
 []


Underfull \hbox (badness 10000) in paragraph at lines 27--29
[]\OT1/cmr/m/n/10 El flujo de tra-bajo se ha au-tom-a-ti-zado
 []

[4]) (content/4.tex
Underfull \hbox (badness 2486) in paragraph at lines 19--20
[]\OT1/cmr/bx/n/10 Limpieza y Purga: \OT1/cmr/m/n/10 Se han elim-i-nado
 []


Underfull \hbox (badness 4543) in paragraph at lines 21--22
[]\OT1/cmr/bx/n/10 Balanceo Es-trat-i-fi-cado (4-Way Sam-
 []


Underfull \hbox (badness 10000) in paragraph at lines 27--29
[]\OT1/cmr/m/n/10 El flujo de tra-bajo se ha au-tom-a-ti-zado
 []

[5

]) (content/5.tex
<../reports/confusion_matrix_resnet50_final.png, id=204, 578.16pt x 433.62pt>
File: ../reports/confusion_matrix_resnet50_final.png Graphic file (type png)
<use ../reports/confusion_matrix_resnet50_final.png>
Package pdftex.def Info: ../reports/confusion_matrix_resnet50_final.png  used on input line 25.
(pdftex.def)             Requested size: 200.35849pt x 150.26732pt.

Underfull \vbox (badness 1701) has occurred while \output is active []

<../reports/confusion_matrix_vgg-16_final.png, id=206, 578.16pt x 433.62pt>
File: ../reports/confusion_matrix_vgg-16_final.png Graphic file (type png)
<use ../reports/confusion_matrix_vgg-16_final.png>
Package pdftex.def Info: ../reports/confusion_matrix_vgg-16_final.png  used on input line 32.
(pdftex.def)             Requested size: 200.35849pt x 150.26732pt.

Underfull \hbox (badness 5022) in paragraph at lines 33--33
[]\OT1/cmr/m/n/10 Figure 2: []Matriz de Con-fusi^^Son: VGG-16.
 []


Underfull \hbox (badness 3884) in paragraph at lines 37--37
|[]\OT1/cmr/bx/n/10 An^^Salisis de Ex-pli-ca-bil-i-dad (Grad-
 []

<../reports/heatmap_resnet_lfw_Jennifer_Lopez_Jennifer_Lopez_0019.jpg, id=208, 347.6187pt x 375.0813pt>
File: ../reports/heatmap_resnet_lfw_Jennifer_Lopez_Jennifer_Lopez_0019.jpg Graphic file (type jpg)
<use ../reports/heatmap_resnet_lfw_Jennifer_Lopez_Jennifer_Lopez_0019.jpg>
Package pdftex.def Info: ../reports/heatmap_resnet_lfw_Jennifer_Lopez_Jennifer_Lopez_0019.jpg  used on input line 43.
(pdftex.def)             Requested size: 106.85762pt x 115.29532pt.
<../reports/heatmap_vgg_lfw_Bob_Stoops_Bob_Stoops_0002.jpg, id=209, 347.6187pt x 375.0813pt>
File: ../reports/heatmap_vgg_lfw_Bob_Stoops_Bob_Stoops_0002.jpg Graphic file (type jpg)
<use ../reports/heatmap_vgg_lfw_Bob_Stoops_Bob_Stoops_0002.jpg>
Package pdftex.def Info: ../reports/heatmap_vgg_lfw_Bob_Stoops_Bob_Stoops_0002.jpg  used on input line 44.
(pdftex.def)             Requested size: 106.85762pt x 115.29532pt.

Underfull \vbox (badness 10000) has occurred while \output is active []

 [6


pdfTeX warning (ext4): destination with the same identifier (name{figure.1}) has been already used, duplicate ignored
<argument> ...shipout:D \box_use:N \l_shipout_box 
                                                  \__shipout_drop_firstpage_...
l.48 
     
pdfTeX warning (ext4): destination with the same identifier (name{figure.2}) has been already used, duplicate ignored
<argument> ...shipout:D \box_use:N \l_shipout_box 
                                                  \__shipout_drop_firstpage_...
l.48 
      <../reports/confusion_matrix_resnet50_final.png> <../reports/confusion_matrix_vgg-16_final.png>]
Underfull \hbox (badness 10000) in paragraph at lines 49--49
|[]\OT1/cmr/bx/n/10 Validaci^^Son con Su-je-tos Ex-ter-nos
 []

<../reports/url_charles_manson_resnet.png, id=220, 347.6187pt x 375.0813pt>
File: ../reports/url_charles_manson_resnet.png Graphic file (type png)
<use ../reports/url_charles_manson_resnet.png>
Package pdftex.def Info: ../reports/url_charles_manson_resnet.png  used on input line 56.
(pdftex.def)             Requested size: 106.85762pt x 115.29532pt.
<../reports/url_charles_manson_vgg.png, id=221, 347.6187pt x 375.0813pt>
File: ../reports/url_charles_manson_vgg.png Graphic file (type png)
<use ../reports/url_charles_manson_vgg.png>
Package pdftex.def Info: ../reports/url_charles_manson_vgg.png  used on input line 57.
(pdftex.def)             Requested size: 106.85762pt x 115.29532pt.
<../reports/url_gandhi_resnet.png, id=222, 347.6187pt x 375.0813pt>
File: ../reports/url_gandhi_resnet.png Graphic file (type png)
<use ../reports/url_gandhi_resnet.png>
Package pdftex.def Info: ../reports/url_gandhi_resnet.png  used on input line 64.
(pdftex.def)             Requested size: 106.85762pt x 115.29532pt.
<../reports/url_gandhi_vgg.png, id=223, 347.6187pt x 375.0813pt>
File: ../reports/url_gandhi_vgg.png Graphic file (type png)
<use ../reports/url_gandhi_vgg.png>
Package pdftex.def Info: ../reports/url_gandhi_vgg.png  used on input line 65.
(pdftex.def)             Requested size: 106.85762pt x 115.29532pt.
<../reports/url_donald_trump_resnet.png, id=224, 347.6187pt x 375.0813pt>
File: ../reports/url_donald_trump_resnet.png Graphic file (type png)
<use ../reports/url_donald_trump_resnet.png>
Package pdftex.def Info: ../reports/url_donald_trump_resnet.png  used on input line 72.
(pdftex.def)             Requested size: 106.85762pt x 115.29532pt.
<../reports/url_donald_trump_vgg.png, id=225, 347.6187pt x 375.0813pt>
File: ../reports/url_donald_trump_vgg.png Graphic file (type png)
<use ../reports/url_donald_trump_vgg.png>
Package pdftex.def Info: ../reports/url_donald_trump_vgg.png  used on input line 73.
(pdftex.def)             Requested size: 106.85762pt x 115.29532pt.

Underfull \hbox (badness 3168) in paragraph at lines 69--75
[]\OT1/cmr/m/n/10 Se in-cluye tambi^^Sen el an^^Salisis de \OT1/cmr/bx/n/10 Don-ald
 []

<../reports/url_maria_corina_machado_resnet.png, id=226, 347.6187pt x 375.0813pt>
File: ../reports/url_maria_corina_machado_resnet.png Graphic file (type png)
<use ../reports/url_maria_corina_machado_resnet.png>
Package pdftex.def Info: ../reports/url_maria_corina_machado_resnet.png  used on input line 80.
(pdftex.def)             Requested size: 106.85762pt x 115.29532pt.
<../reports/url_maria_corina_machado_vgg.png, id=227, 347.6187pt x 375.0813pt>
File: ../reports/url_maria_corina_machado_vgg.png Graphic file (type png)
<use ../reports/url_maria_corina_machado_vgg.png>
Package pdftex.def Info: ../reports/url_maria_corina_machado_vgg.png  used on input line 81.
(pdftex.def)             Requested size: 106.85762pt x 115.29532pt.
[7
pdfTeX warning (ext4): destination with the same identifier (name{figure.3}) has been already used, duplicate ignored
<argument> ...shipout:D \box_use:N \l_shipout_box 
                                                  \__shipout_drop_firstpage_...
l.84 
     
pdfTeX warning (ext4): destination with the same identifier (name{figure.4}) has been already used, duplicate ignored
<argument> ...shipout:D \box_use:N \l_shipout_box 
                                                  \__shipout_drop_firstpage_...
l.84 
     
pdfTeX warning (ext4): destination with the same identifier (name{figure.5}) has been already used, duplicate ignored
<argument> ...shipout:D \box_use:N \l_shipout_box 
                                                  \__shipout_drop_firstpage_...
l.84 
     
pdfTeX warning (ext4): destination with the same identifier (name{figure.6}) has been already used, duplicate ignored
<argument> ...shipout:D \box_use:N \l_shipout_box 
                                                  \__shipout_drop_firstpage_...
l.84 
      <../reports/heatmap_resnet_lfw_Jennifer_Lopez_Jennifer_Lopez_0019.jpg> <../reports/heatmap_vgg_lfw_Bob_Stoops_Bob_Stoops_0002.jpg> <../reports/url_charles_manson_resnet.png> <../reports/url_charles_manson_vgg.png> <../reports/url_gandhi_resnet.png> <../reports/url_gandhi_vgg.png> <../reports/url_donald_trump_resnet.png> <../reports/url_donald_trump_vgg.png>] [8
pdfTeX warning (ext4): destination with the same identifier (name{figure.7}) has been already used, duplicate ignored
<argument> ...shipout:D \box_use:N \l_shipout_box 
                                                  \__shipout_drop_firstpage_...
l.86 \clearpage
               

 <../reports/url_maria_corina_machado_resnet.png> <../reports/url_maria_corina_machado_vgg.png>]) (content/6.tex [9

]) (content/7.tex
Underfull \hbox (badness 10000) in paragraph at lines 1--1
|[]\OT1/cmr/bx/n/14.4 Conclusiones y L^^S^^Pneas
 []


Underfull \hbox (badness 1371) in paragraph at lines 12--13
[]\OT1/cmr/m/n/10 Para su-perar las lim-ita-ciones iden-ti-fi-cadas y
 []


Underfull \hbox (badness 1320) in paragraph at lines 28--29
[]\OT1/cmr/m/n/10 He, K., Zhang, X., Ren, S., & Sun, J.
 []

[10

] [11

])) (main.bbl

LaTeX Warning: Empty `thebibliography' environment on input line 3.

) [12




] (main.aux (portada.aux) (NOTOCAR/index.aux) (NOTOCAR/contents.aux))
 ***********
LaTeX2e <2025-11-01>
L3 programming layer <2026-03-20>
 ***********
Package rerunfilecheck Info: File `main.out' has not changed.
(rerunfilecheck)             Checksum: 2ACCDE21F96174431E4288D01CAD2857;6754.
 ) 
Here is how much of TeX's memory you used:
 10160 strings out of 467691
 162192 string characters out of 5425054
 594656 words of memory out of 5000000
 38994 multiletter control sequences out of 15000+600000
 630694 words of font info for 50 fonts, out of 8000000 for 9000
 1141 hyphenation exceptions out of 8191
 80i,7n,82p,1167b,570s stack positions out of 10000i,1000n,20000p,200000b,200000s
 <C:\Users\oriol\AppData\Local\MiKTeX\fonts/pk/ljfour/jknappen/ec/dpi600\tcrm1000.pk><C:/Program Files/MiKTeX/fonts/type1/public/amsfonts/cm/cmbx10.pfb><C:/Program Files/MiKTeX/fonts/type1/public/amsfonts/cm/cmbx12.pfb><C:/Program Files/MiKTeX/fonts/type1/public/amsfonts/cm/cmmi10.pfb><C:/Program Files/MiKTeX/fonts/type1/public/amsfonts/cm/cmr10.pfb><C:/Program Files/MiKTeX/fonts/type1/public/amsfonts/cm/cmr12.pfb><C:/Program Files/MiKTeX/fonts/type1/public/amsfonts/cm/cmsy10.pfb><C:/Program Files/MiKTeX/fonts/type1/public/amsfonts/cm/cmti10.pfb><C:/Program Files/MiKTeX/fonts/type1/public/amsfonts/cm/cmtt10.pfb>
Output written on main.pdf (13 pages, 2879116 bytes).
PDF statistics:
 334 PDF objects out of 1000 (max. 8388607)
 72 named destinations out of 1000 (max. 500000)
 301 words of extra memory for PDF output out of 10000 (max. 10000000)

